<?xml version="1.0" encoding="UTF-8"?>
<testsuite xmlns:xsi="http://www.w3.org/2001/XMLSchema-instance" xsi:noNamespaceSchemaLocation="https://maven.apache.org/surefire/maven-surefire-plugin/xsd/surefire-test-report.xsd" name="TestSuite" time="39.759" tests="2" errors="0" skipped="0" failures="2">
  <properties>
    <property name="sun.desktop" value="windows"/>
    <property name="awt.toolkit" value="sun.awt.windows.WToolkit"/>
    <property name="file.encoding.pkg" value="sun.io"/>
    <property name="java.specification.version" value="1.8"/>
    <property name="sun.cpu.isalist" value="amd64"/>
    <property name="sun.jnu.encoding" value="Cp1252"/>
    <property name="java.class.path" value="C:\Users\TEMPSOMG\Workspacegit\pim\target\test-classes;C:\Users\TEMPSOMG\Workspacegit\pim\target\classes;C:\Users\TEMPSOMG\.m2\repository\log4j\log4j\1.2.17\log4j-1.2.17.jar;C:\Users\TEMPSOMG\.m2\repository\javax\mail\mail\1.4\mail-1.4.jar;C:\Users\TEMPSOMG\.m2\repository\javax\activation\activation\1.1\activation-1.1.jar;C:\Users\TEMPSOMG\.m2\repository\org\testng\testng\6.9.9\testng-6.9.9.jar;C:\Users\TEMPSOMG\.m2\repository\junit\junit\4.10\junit-4.10.jar;C:\Users\TEMPSOMG\.m2\repository\org\hamcrest\hamcrest-core\1.1\hamcrest-core-1.1.jar;C:\Users\TEMPSOMG\.m2\repository\com\beust\jcommander\1.48\jcommander-1.48.jar;C:\Users\TEMPSOMG\.m2\repository\org\apache\ant\ant\1.7.0\ant-1.7.0.jar;C:\Users\TEMPSOMG\.m2\repository\org\apache\ant\ant-launcher\1.7.0\ant-launcher-1.7.0.jar;C:\Users\TEMPSOMG\.m2\repository\org\yaml\snakeyaml\1.15\snakeyaml-1.15.jar;C:\Users\TEMPSOMG\.m2\repository\org\beanshell\bsh\2.0b4\bsh-2.0b4.jar;C:\Users\TEMPSOMG\.m2\repository\com\codoid\products\fillo\1.18\fillo-1.18.jar;C:\Users\TEMPSOMG\.m2\repository\commons-io\commons-io\1.3.2\commons-io-1.3.2.jar;C:\Users\TEMPSOMG\.m2\repository\org\seleniumhq\selenium\selenium-chrome-driver\3.11.0\selenium-chrome-driver-3.11.0.jar;C:\Users\TEMPSOMG\.m2\repository\org\seleniumhq\selenium\selenium-api\3.11.0\selenium-api-3.11.0.jar;C:\Users\TEMPSOMG\.m2\repository\org\seleniumhq\selenium\selenium-remote-driver\3.11.0\selenium-remote-driver-3.11.0.jar;C:\Users\TEMPSOMG\.m2\repository\net\bytebuddy\byte-buddy\1.7.9\byte-buddy-1.7.9.jar;C:\Users\TEMPSOMG\.m2\repository\org\apache\commons\commons-exec\1.3\commons-exec-1.3.jar;C:\Users\TEMPSOMG\.m2\repository\commons-codec\commons-codec\1.10\commons-codec-1.10.jar;C:\Users\TEMPSOMG\.m2\repository\commons-logging\commons-logging\1.2\commons-logging-1.2.jar;C:\Users\TEMPSOMG\.m2\repository\com\google\code\gson\gson\2.8.2\gson-2.8.2.jar;C:\Users\TEMPSOMG\.m2\repository\com\google\guava\guava\23.6-jre\guava-23.6-jre.jar;C:\Users\TEMPSOMG\.m2\repository\com\google\code\findbugs\jsr305\1.3.9\jsr305-1.3.9.jar;C:\Users\TEMPSOMG\.m2\repository\org\checkerframework\checker-compat-qual\2.0.0\checker-compat-qual-2.0.0.jar;C:\Users\TEMPSOMG\.m2\repository\com\google\errorprone\error_prone_annotations\2.1.3\error_prone_annotations-2.1.3.jar;C:\Users\TEMPSOMG\.m2\repository\com\google\j2objc\j2objc-annotations\1.1\j2objc-annotations-1.1.jar;C:\Users\TEMPSOMG\.m2\repository\org\codehaus\mojo\animal-sniffer-annotations\1.14\animal-sniffer-annotations-1.14.jar;C:\Users\TEMPSOMG\.m2\repository\org\apache\httpcomponents\httpclient\4.5.3\httpclient-4.5.3.jar;C:\Users\TEMPSOMG\.m2\repository\org\apache\httpcomponents\httpcore\4.4.6\httpcore-4.4.6.jar;C:\Users\TEMPSOMG\.m2\repository\com\squareup\okhttp3\okhttp\3.9.1\okhttp-3.9.1.jar;C:\Users\TEMPSOMG\.m2\repository\com\squareup\okio\okio\1.13.0\okio-1.13.0.jar;C:\Users\TEMPSOMG\.m2\repository\com\relevantcodes\extentreports\2.41.2\extentreports-2.41.2.jar;C:\Users\TEMPSOMG\.m2\repository\org\jsoup\jsoup\1.8.3\jsoup-1.8.3.jar;C:\Users\TEMPSOMG\.m2\repository\org\xerial\sqlite-jdbc\3.8.11.1\sqlite-jdbc-3.8.11.1.jar;C:\Users\TEMPSOMG\.m2\repository\org\freemarker\freemarker\2.3.23\freemarker-2.3.23.jar;C:\Users\TEMPSOMG\.m2\repository\org\mongodb\mongodb-driver\3.0.4\mongodb-driver-3.0.4.jar;C:\Users\TEMPSOMG\.m2\repository\org\mongodb\bson\3.0.4\bson-3.0.4.jar;C:\Users\TEMPSOMG\.m2\repository\org\mongodb\mongodb-driver-core\3.0.4\mongodb-driver-core-3.0.4.jar;C:\Users\TEMPSOMG\.m2\repository\org\robotframework\robotframework\2.8.7\robotframework-2.8.7.jar;C:\Users\TEMPSOMG\.m2\repository\commons-net\commons-net\3.0.1\commons-net-3.0.1.jar;C:\Users\TEMPSOMG\.m2\repository\com\jcraft\jsch\0.1.46\jsch-0.1.46.jar;C:\Users\TEMPSOMG\.m2\repository\org\seleniumhq\selenium\selenium-support\2.9.0\selenium-support-2.9.0.jar;C:\Users\TEMPSOMG\.m2\repository\com\sendgrid\sendgrid-java\4.1.2\sendgrid-java-4.1.2.jar;C:\Users\TEMPSOMG\.m2\repository\com\sendgrid\java-http-client\4.1.0\java-http-client-4.1.0.jar;C:\Users\TEMPSOMG\.m2\repository\org\mockito\mockito-core\1.10.19\mockito-core-1.10.19.jar;C:\Users\TEMPSOMG\.m2\repository\org\objenesis\objenesis\2.1\objenesis-2.1.jar;C:\Users\TEMPSOMG\.m2\repository\com\fasterxml\jackson\core\jackson-core\2.5.3\jackson-core-2.5.3.jar;C:\Users\TEMPSOMG\.m2\repository\com\fasterxml\jackson\core\jackson-databind\2.5.3\jackson-databind-2.5.3.jar;C:\Users\TEMPSOMG\.m2\repository\com\fasterxml\jackson\core\jackson-annotations\2.5.3\jackson-annotations-2.5.3.jar;C:\Users\TEMPSOMG\.m2\repository\org\apache\maven\surefire\surefire-testng-utils\2.21.0\surefire-testng-utils-2.21.0.jar;C:\Users\TEMPSOMG\.m2\repository\org\apache\maven\surefire\surefire-grouper\2.21.0\surefire-grouper-2.21.0.jar;"/>
    <property name="java.vm.vendor" value="Oracle Corporation"/>
    <property name="sun.arch.data.model" value="64"/>
    <property name="user.variant" value=""/>
    <property name="java.vendor.url" value="http://java.oracle.com/"/>
    <property name="user.timezone" value=""/>
    <property name="java.vm.specification.version" value="1.8"/>
    <property name="os.name" value="Windows 10"/>
    <property name="user.country" value="US"/>
    <property name="sun.java.launcher" value="SUN_STANDARD"/>
    <property name="sun.boot.library.path" value="C:\Program Files\Java\jdk1.8.0_201\jre\bin"/>
    <property name="sun.java.command" value="C:\Users\TEMPSOMG\AppData\Local\Temp\surefire7755323756347807383\surefirebooter7551182400914865484.jar C:\Users\TEMPSOMG\AppData\Local\Temp\surefire7755323756347807383 2023-11-09T12-55-26_418-jvmRun1 surefire4334502484103743006tmp surefire_07674866115066060772tmp"/>
    <property name="surefire.test.class.path" value="C:\Users\TEMPSOMG\Workspacegit\pim\target\test-classes;C:\Users\TEMPSOMG\Workspacegit\pim\target\classes;C:\Users\TEMPSOMG\.m2\repository\log4j\log4j\1.2.17\log4j-1.2.17.jar;C:\Users\TEMPSOMG\.m2\repository\javax\mail\mail\1.4\mail-1.4.jar;C:\Users\TEMPSOMG\.m2\repository\javax\activation\activation\1.1\activation-1.1.jar;C:\Users\TEMPSOMG\.m2\repository\org\testng\testng\6.9.9\testng-6.9.9.jar;C:\Users\TEMPSOMG\.m2\repository\junit\junit\4.10\junit-4.10.jar;C:\Users\TEMPSOMG\.m2\repository\org\hamcrest\hamcrest-core\1.1\hamcrest-core-1.1.jar;C:\Users\TEMPSOMG\.m2\repository\com\beust\jcommander\1.48\jcommander-1.48.jar;C:\Users\TEMPSOMG\.m2\repository\org\apache\ant\ant\1.7.0\ant-1.7.0.jar;C:\Users\TEMPSOMG\.m2\repository\org\apache\ant\ant-launcher\1.7.0\ant-launcher-1.7.0.jar;C:\Users\TEMPSOMG\.m2\repository\org\yaml\snakeyaml\1.15\snakeyaml-1.15.jar;C:\Users\TEMPSOMG\.m2\repository\org\beanshell\bsh\2.0b4\bsh-2.0b4.jar;C:\Users\TEMPSOMG\.m2\repository\com\codoid\products\fillo\1.18\fillo-1.18.jar;C:\Users\TEMPSOMG\.m2\repository\commons-io\commons-io\1.3.2\commons-io-1.3.2.jar;C:\Users\TEMPSOMG\.m2\repository\org\seleniumhq\selenium\selenium-chrome-driver\3.11.0\selenium-chrome-driver-3.11.0.jar;C:\Users\TEMPSOMG\.m2\repository\org\seleniumhq\selenium\selenium-api\3.11.0\selenium-api-3.11.0.jar;C:\Users\TEMPSOMG\.m2\repository\org\seleniumhq\selenium\selenium-remote-driver\3.11.0\selenium-remote-driver-3.11.0.jar;C:\Users\TEMPSOMG\.m2\repository\net\bytebuddy\byte-buddy\1.7.9\byte-buddy-1.7.9.jar;C:\Users\TEMPSOMG\.m2\repository\org\apache\commons\commons-exec\1.3\commons-exec-1.3.jar;C:\Users\TEMPSOMG\.m2\repository\commons-codec\commons-codec\1.10\commons-codec-1.10.jar;C:\Users\TEMPSOMG\.m2\repository\commons-logging\commons-logging\1.2\commons-logging-1.2.jar;C:\Users\TEMPSOMG\.m2\repository\com\google\code\gson\gson\2.8.2\gson-2.8.2.jar;C:\Users\TEMPSOMG\.m2\repository\com\google\guava\guava\23.6-jre\guava-23.6-jre.jar;C:\Users\TEMPSOMG\.m2\repository\com\google\code\findbugs\jsr305\1.3.9\jsr305-1.3.9.jar;C:\Users\TEMPSOMG\.m2\repository\org\checkerframework\checker-compat-qual\2.0.0\checker-compat-qual-2.0.0.jar;C:\Users\TEMPSOMG\.m2\repository\com\google\errorprone\error_prone_annotations\2.1.3\error_prone_annotations-2.1.3.jar;C:\Users\TEMPSOMG\.m2\repository\com\google\j2objc\j2objc-annotations\1.1\j2objc-annotations-1.1.jar;C:\Users\TEMPSOMG\.m2\repository\org\codehaus\mojo\animal-sniffer-annotations\1.14\animal-sniffer-annotations-1.14.jar;C:\Users\TEMPSOMG\.m2\repository\org\apache\httpcomponents\httpclient\4.5.3\httpclient-4.5.3.jar;C:\Users\TEMPSOMG\.m2\repository\org\apache\httpcomponents\httpcore\4.4.6\httpcore-4.4.6.jar;C:\Users\TEMPSOMG\.m2\repository\com\squareup\okhttp3\okhttp\3.9.1\okhttp-3.9.1.jar;C:\Users\TEMPSOMG\.m2\repository\com\squareup\okio\okio\1.13.0\okio-1.13.0.jar;C:\Users\TEMPSOMG\.m2\repository\com\relevantcodes\extentreports\2.41.2\extentreports-2.41.2.jar;C:\Users\TEMPSOMG\.m2\repository\org\jsoup\jsoup\1.8.3\jsoup-1.8.3.jar;C:\Users\TEMPSOMG\.m2\repository\org\xerial\sqlite-jdbc\3.8.11.1\sqlite-jdbc-3.8.11.1.jar;C:\Users\TEMPSOMG\.m2\repository\org\freemarker\freemarker\2.3.23\freemarker-2.3.23.jar;C:\Users\TEMPSOMG\.m2\repository\org\mongodb\mongodb-driver\3.0.4\mongodb-driver-3.0.4.jar;C:\Users\TEMPSOMG\.m2\repository\org\mongodb\bson\3.0.4\bson-3.0.4.jar;C:\Users\TEMPSOMG\.m2\repository\org\mongodb\mongodb-driver-core\3.0.4\mongodb-driver-core-3.0.4.jar;C:\Users\TEMPSOMG\.m2\repository\org\robotframework\robotframework\2.8.7\robotframework-2.8.7.jar;C:\Users\TEMPSOMG\.m2\repository\commons-net\commons-net\3.0.1\commons-net-3.0.1.jar;C:\Users\TEMPSOMG\.m2\repository\com\jcraft\jsch\0.1.46\jsch-0.1.46.jar;C:\Users\TEMPSOMG\.m2\repository\org\seleniumhq\selenium\selenium-support\2.9.0\selenium-support-2.9.0.jar;C:\Users\TEMPSOMG\.m2\repository\com\sendgrid\sendgrid-java\4.1.2\sendgrid-java-4.1.2.jar;C:\Users\TEMPSOMG\.m2\repository\com\sendgrid\java-http-client\4.1.0\java-http-client-4.1.0.jar;C:\Users\TEMPSOMG\.m2\repository\org\mockito\mockito-core\1.10.19\mockito-core-1.10.19.jar;C:\Users\TEMPSOMG\.m2\repository\org\objenesis\objenesis\2.1\objenesis-2.1.jar;C:\Users\TEMPSOMG\.m2\repository\com\fasterxml\jackson\core\jackson-core\2.5.3\jackson-core-2.5.3.jar;C:\Users\TEMPSOMG\.m2\repository\com\fasterxml\jackson\core\jackson-databind\2.5.3\jackson-databind-2.5.3.jar;C:\Users\TEMPSOMG\.m2\repository\com\fasterxml\jackson\core\jackson-annotations\2.5.3\jackson-annotations-2.5.3.jar;C:\Users\TEMPSOMG\.m2\repository\org\apache\maven\surefire\surefire-testng-utils\2.21.0\surefire-testng-utils-2.21.0.jar;C:\Users\TEMPSOMG\.m2\repository\org\apache\maven\surefire\surefire-grouper\2.21.0\surefire-grouper-2.21.0.jar;"/>
    <property name="sun.cpu.endian" value="little"/>
    <property name="user.home" value="C:\Users\TEMPSOMG"/>
    <property name="user.language" value="en"/>
    <property name="java.specification.vendor" value="Oracle Corporation"/>
    <property name="java.home" value="C:\Program Files\Java\jdk1.8.0_201\jre"/>
    <property name="basedir" value="C:\Users\TEMPSOMG\Workspacegit\pim"/>
    <property name="file.separator" value="\"/>
    <property name="line.separator" value="&#10;"/>
    <property name="java.vm.specification.vendor" value="Oracle Corporation"/>
    <property name="java.specification.name" value="Java Platform API Specification"/>
    <property name="java.awt.graphicsenv" value="sun.awt.Win32GraphicsEnvironment"/>
    <property name="surefire.real.class.path" value="C:\Users\TEMPSOMG\AppData\Local\Temp\surefire7755323756347807383\surefirebooter7551182400914865484.jar"/>
    <property name="sun.boot.class.path" value="C:\Program Files\Java\jdk1.8.0_201\jre\lib\resources.jar;C:\Program Files\Java\jdk1.8.0_201\jre\lib\rt.jar;C:\Program Files\Java\jdk1.8.0_201\jre\lib\sunrsasign.jar;C:\Program Files\Java\jdk1.8.0_201\jre\lib\jsse.jar;C:\Program Files\Java\jdk1.8.0_201\jre\lib\jce.jar;C:\Program Files\Java\jdk1.8.0_201\jre\lib\charsets.jar;C:\Program Files\Java\jdk1.8.0_201\jre\lib\jfr.jar;C:\Program Files\Java\jdk1.8.0_201\jre\classes"/>
    <property name="user.script" value=""/>
    <property name="sun.management.compiler" value="HotSpot 64-Bit Tiered Compilers"/>
    <property name="java.runtime.version" value="1.8.0_201-b09"/>
    <property name="user.name" value="TEMPSOMG"/>
    <property name="path.separator" value=";"/>
    <property name="os.version" value="10.0"/>
    <property name="java.endorsed.dirs" value="C:\Program Files\Java\jdk1.8.0_201\jre\lib\endorsed"/>
    <property name="java.runtime.name" value="Java(TM) SE Runtime Environment"/>
    <property name="file.encoding" value="Cp1252"/>
    <property name="java.vm.name" value="Java HotSpot(TM) 64-Bit Server VM"/>
    <property name="localRepository" value="C:\Users\TEMPSOMG\.m2\repository"/>
    <property name="java.vendor.url.bug" value="http://bugreport.sun.com/bugreport/"/>
    <property name="java.io.tmpdir" value="C:\Users\TEMPSOMG\AppData\Local\Temp\"/>
    <property name="java.version" value="1.8.0_201"/>
    <property name="user.dir" value="C:\Users\TEMPSOMG\Workspacegit\pim"/>
    <property name="os.arch" value="amd64"/>
    <property name="java.vm.specification.name" value="Java Virtual Machine Specification"/>
    <property name="java.awt.printerjob" value="sun.awt.windows.WPrinterJob"/>
    <property name="sun.os.patch.level" value=""/>
    <property name="java.library.path" value="C:\Program Files\Java\jdk1.8.0_201\jre\bin;C:\WINDOWS\Sun\Java\bin;C:\WINDOWS\system32;C:\WINDOWS;C:/Program Files/Zulu/zulu-8-jre/bin/server;C:/Program Files/Zulu/zulu-8-jre/bin;C:/Program Files/Zulu/zulu-8-jre/lib/amd64;C:\Program Files\Microsoft\jdk-17.0.2.8-hotspot\bin;C:\Program Files\Zulu\zulu-15-jre\bin\;C:\Program Files (x86)\Common Files\Oracle\Java\javapath;C:\WINDOWS\system32;C:\WINDOWS;C:\WINDOWS\System32\Wbem;C:\WINDOWS\System32\WindowsPowerShell\v1.0\;C:\WINDOWS\System32\OpenSSH\;C:\Program Files (x86)\Microsoft SQL Server\150\DTS\Binn\;C:\Program Files\Azure Data Studio\bin;C:\Program Files\dotnet\;C:\Program Files\Microsoft SQL Server\130\Tools\Binn\;C:\Program Files\Microsoft SQL Server\Client SDK\ODBC\170\Tools\Binn\;C:\Program Files\Zulu\zulu-8-jre\bin\;C:\Program Files (x86)\SAP\Common;C:\Program Files (x86)\dotnet\;C:\Program Files (x86)\Citrix\Workspace Environment Management Agent;C:\Program Files (x86)\Citrix\HDX\bin\;C:\Program Files\Citrix\HDX\bin\;C:\Users\TEMPSOMG\AppData\Local\Microsoft\WindowsApps;C:\Users\TEMPSOMG\AppData\Local\Programs\Git\cmd;;C:\Program Files\SAP\eclipse;;."/>
    <property name="java.vm.info" value="mixed mode"/>
    <property name="java.vendor" value="Oracle Corporation"/>
    <property name="java.vm.version" value="25.201-b09"/>
    <property name="java.ext.dirs" value="C:\Program Files\Java\jdk1.8.0_201\jre\lib\ext;C:\WINDOWS\Sun\Java\lib\ext"/>
    <property name="sun.io.unicode.encoding" value="UnicodeLittle"/>
    <property name="java.class.version" value="52.0"/>
  </properties>
  <testcase name="startSuite" classname="Driver.DriverInit" time="31.467">
    <failure message="Unresolved compilation problem: &#10;	The method corpbrd(String) in the type PortalPage is not applicable for the arguments ()&#10;" type="java.lang.Error">java.lang.Error: 
Unresolved compilation problem: 
	The method corpbrd(String) in the type PortalPage is not applicable for the arguments ()

	at Driver.DriverInit.PIMDEV_2358(DriverInit.java:1539)
	at Driver.DriverInit.startSuite(DriverInit.java:187)
</failure>
    <system-out><![CDATA[PIMDEV_2382 Not required
PIMDEV_2382_NBO Not required
VerifyWorkArea Not required
PIMDEV_2378 Not required
PIMDEV_2376 Not required
PIMDEV_RCTE Not required
PIMDEV_2440 Not required
PIMDEV_2377 Not required
PIMDEV_Comp Not required
PIMDEV_2381 Not required
PIMDEV_2380 Not required
PIMDEV_2375 Not required
PIMDEV_CBS Not required
PIMDEV_Color Not required
PIMDEV_Flower Not required
PIMDEV_2961 Not required
PIMDEV_Sust Not required
PIMDEV_2374 Not required
PIMDEV_2357 Not required
PIMDEV_2383 Not required
=================================================Module Execution starts for PIMDEV_2358
]]></system-out>
    <system-err><![CDATA[Starting ChromeDriver 2.37.543627 (63642262d9fb93fb4ab52398be4286d844092a5e) on port 3337
Only local connections are allowed.
Nov 09, 2023 12:55:41 PM org.openqa.selenium.remote.ProtocolHandshake createSession
INFO: Detected dialect: OSS
]]></system-err>
  </testcase>
  <testcase name="tearDown" classname="Driver.DriverInit" time="36.816">
    <failure type="java.lang.NullPointerException">java.lang.NullPointerException
	at Driver.DriverInit.tearDown(DriverInit.java:296)
</failure>
    <system-out><![CDATA[Insode teardown....
]]></system-out>
    <system-err><![CDATA[log4j:WARN No appenders could be found for logger (freemarker.cache).
log4j:WARN Please initialize the log4j system properly.
log4j:WARN See http://logging.apache.org/log4j/1.2/faq.html#noconfig for more info.
]]></system-err>
  </testcase>
</testsuite>