<?xml version="1.0" encoding="UTF-8"?>
<!-- Generated by org.testng.reporters.JUnitReportReporter -->
<testsuite skipped="0" hostname="VDISE0380300" name="Driver.checkInFlow" tests="1" failures="0" timestamp="25 apr 2018 14:05:52 GMT" time="19.921" errors="0">
  <testcase name="beginTest" time="19.921" classname="Driver.checkInFlow"/>
</testsuite> <!-- Driver.checkInFlow -->
