<?xml version="1.0" encoding="UTF-8"?>
<!-- Generated by org.testng.reporters.JUnitReportReporter -->
<testsuite hostname="VDISE045086" name="Driver.PIM_driverInit" tests="1" failures="0" timestamp="23 May 2018 11:35:07 GMT" time="21.897" errors="0">
  <testcase name="initiateDriver" time="21.897" classname="Driver.PIM_driverInit"/>
</testsuite> <!-- Driver.PIM_driverInit -->
