<?xml version="1.0" encoding="UTF-8"?>
<!-- Generated by org.testng.reporters.JUnitReportReporter -->
<testsuite skipped="0" hostname="VDISE0380300" name="Driver.productSearchFlow" tests="1" failures="0" timestamp="09 maj 2018 12:57:31 GMT" time="64.973" errors="0">
  <testcase name="beginTest" time="64.973" classname="Driver.productSearchFlow"/>
</testsuite> <!-- Driver.productSearchFlow -->
